<?xml version="1.0" encoding="utf-8"?><testsuites name="pytest tests"><testsuite name="pytest" errors="0" failures="0" skipped="0" tests="16" time="6.885" timestamp="2026-05-13T09:44:41.066291+00:00" hostname="agent-env-bf46793e-f39f-42d6-a694-79de1efacfa7"><testcase classname="backend.tests.test_sprintnote_backend" name="test_health" time="0.184" /><testcase classname="backend.tests.test_sprintnote_backend" name="test_signup_returns_dev_otp" time="0.277" /><testcase classname="backend.tests.test_sprintnote_backend" name="test_login_unverified_returns_otp_required" time="0.270" /><testcase classname="backend.tests.test_sprintnote_backend" name="test_verify_otp_returns_jwt" time="0.047" /><testcase classname="backend.tests.test_sprintnote_backend" name="test_login_verified_returns_jwt" time="0.277" /><testcase classname="backend.tests.test_sprintnote_backend" name="test_auth_me" time="0.045" /><testcase classname="backend.tests.test_sprintnote_backend" name="test_auth_protection_without_token" time="0.104" /><testcase classname="backend.tests.test_sprintnote_backend" name="test_emergent_session_invalid" time="0.133" /><testcase classname="backend.tests.test_sprintnote_backend" name="test_create_note" time="0.053" /><testcase classname="backend.tests.test_sprintnote_backend" name="test_list_notes" time="0.047" /><testcase classname="backend.tests.test_sprintnote_backend" name="test_get_note" time="0.048" /><testcase classname="backend.tests.test_sprintnote_backend" name="test_update_note" time="0.092" /><testcase classname="backend.tests.test_sprintnote_backend" name="test_folders_counts" time="0.045" /><testcase classname="backend.tests.test_sprintnote_backend" name="test_ai_rewrite_meeting_minutes" time="3.170" /><testcase classname="backend.tests.test_sprintnote_backend" name="test_ai_rewrite_bullet_summary_high" time="1.893" /><testcase classname="backend.tests.test_sprintnote_backend" name="test_delete_note" time="0.091" /></testsuite></testsuites>